[7/22/2025 7:09:11 PM] [WARNING] mysql_connect: no password specified
[7/22/2025 7:09:24 PM] [WARNING] mysql_connect: no password specified
[7/22/2025 7:09:34 PM] [WARNING] mysql_connect: no password specified
[7/22/2025 7:09:48 PM] [WARNING] mysql_connect: no password specified
[7/22/2025 7:10:10 PM] [WARNING] mysql_connect: no password specified
[7/22/2025 7:10:43 PM] [ERROR] mysql_connect: handle error: no database specified
[7/22/2025 7:10:43 PM] [ERROR] mysql_errno: invalid connection handle '0'
[7/22/2025 7:10:58 PM] [ERROR] mysql_connect: handle error: no database specified
[7/22/2025 7:10:58 PM] [ERROR] mysql_errno: invalid connection handle '0'
[7/22/2025 7:11:08 PM] [WARNING] mysql_connect: no password specified
[7/22/2025 7:12:03 PM] [WARNING] mysql_connect: no password specified
[7/22/2025 7:12:25 PM] [WARNING] mysql_connect: no password specified
[7/22/2025 7:12:25 PM] [ERROR] CConnection::CConnection - establishing connection to MySQL database failed: #1049 'Unknown database '2''
[7/22/2025 7:12:25 PM] [ERROR] CConnection::CConnection - establishing connection to MySQL database failed: #1049 'Unknown database '2''
[7/22/2025 7:12:25 PM] [ERROR] CConnection::CConnection - establishing connection to MySQL database failed: #1049 'Unknown database '2''
[7/22/2025 7:12:25 PM] [ERROR] CConnection::CConnection - establishing connection to MySQL database failed: #1049 'Unknown database '2''
[7/22/2025 7:12:53 PM] [WARNING] mysql_connect: no password specified
[7/22/2025 7:18:37 PM] [WARNING] mysql_connect: no password specified
[7/22/2025 7:18:55 PM] [ERROR] error #1146 while executing query "SELECT `Name` FROM `players` WHERE `Name` = 'Harley_Terrorist'": Table 'xxnexus.players' doesn't exist
[7/22/2025 7:20:37 PM] [WARNING] mysql_connect: no password specified
[7/22/2025 7:20:44 PM] [ERROR] error #1054 while executing query "SELECT `Name` FROM `players` WHERE `Name` = 'Harley_Terrorist'": Unknown column 'Name' in 'field list'
[7/22/2025 7:21:40 PM] [WARNING] mysql_connect: no password specified
[7/22/2025 7:21:49 PM] [ERROR] error #1054 while executing query "SELECT `Name` FROM `players` WHERE `Name` = 'Harley_Terrorist'": Unknown column 'Name' in 'field list'
[7/22/2025 7:26:46 PM] [WARNING] mysql_connect: no password specified
[7/22/2025 7:26:55 PM] [ERROR] error #1054 while executing query "SELECT `Name` FROM `players` WHERE `Name` = 'Harley_Terrorist'": Unknown column 'Name' in 'field list'
[7/22/2025 7:27:22 PM] [WARNING] mysql_connect: no password specified
[7/22/2025 7:27:29 PM] [ERROR] error #1054 while executing query "SELECT `Name` FROM `players` WHERE `pName` = 'Harley_Terrorist'": Unknown column 'Name' in 'field list'
[7/22/2025 7:28:16 PM] [WARNING] mysql_connect: no password specified
[7/22/2025 7:52:24 PM] [WARNING] mysql_connect: no password specified
[7/22/2025 7:53:42 PM] [WARNING] mysql_connect: no password specified
